<?xml version="1.0" encoding="UTF-8"?>
<!-- Generated by org.testng.reporters.JUnitReportReporter -->
<testsuite hostname="Anupamkumars-MacBook-Pro.local" failures="0" tests="1" name="com.example.ecommerce.AppTest" time="0.037" errors="0" timestamp="2022-12-16T18:15:03 IST" skipped="0">
  <testcase classname="com.example.ecommerce.AppTest" name="shouldAnswerWithTrue" time="0.037"/>
  <system-out/>
</testsuite> <!-- com.example.ecommerce.AppTest -->
